#! /c/Source/iverilog-install/bin/vvp
:ivl_version "12.0 (devel)" "(s20150603-1539-g2693dd32b)";
:ivl_delay_selection "TYPICAL";
:vpi_time_precision - 12;
:vpi_module "C:\iverilog\lib\ivl\system.vpi";
:vpi_module "C:\iverilog\lib\ivl\vhdl_sys.vpi";
:vpi_module "C:\iverilog\lib\ivl\vhdl_textio.vpi";
:vpi_module "C:\iverilog\lib\ivl\v2005_math.vpi";
:vpi_module "C:\iverilog\lib\ivl\va_math.vpi";
S_000001774002dd40 .scope module, "mu01_wb" "mu01_wb" 2 147;
 .timescale -9 -12;
v000001774009a1a0_0 .net "clk", 0 0, v000001774009a100_0;  1 drivers
v000001774009aba0_0 .net "reset", 0 0, v000001774009a880_0;  1 drivers
S_0000017740048fd0 .scope module, "t_mu01" "mu01" 2 150, 2 3 0, S_000001774002dd40;
 .timescale -9 -12;
    .port_info 0 /INPUT 1 "clk";
    .port_info 1 /INPUT 1 "reset";
P_0000017740049160 .param/l "ADD" 1 2 15, C4<0010>;
P_0000017740049198 .param/l "ADDI" 1 2 16, C4<1010>;
P_00000177400491d0 .param/l "EXEC" 1 2 9, C4<1>;
P_0000017740049208 .param/l "FETCH" 1 2 8, C4<0>;
P_0000017740049240 .param/l "JGE" 1 2 20, C4<0101>;
P_0000017740049278 .param/l "JMP" 1 2 19, C4<0100>;
P_00000177400492b0 .param/l "JNE" 1 2 21, C4<0110>;
P_00000177400492e8 .param/l "LDA" 1 2 12, C4<0000>;
P_0000017740049320 .param/l "LDAI" 1 2 13, C4<1000>;
P_0000017740049358 .param/l "STO" 1 2 14, C4<0001>;
P_0000017740049390 .param/l "STP" 1 2 22, C4<0111>;
P_00000177400493c8 .param/l "SUB" 1 2 17, C4<0011>;
P_0000017740049400 .param/l "SUBI" 1 2 18, C4<1011>;
v000001774002ded0_0 .net *"_ivl_5", 0 0, L_000001774009aec0;  1 drivers
v00000177400341e0_0 .net *"_ivl_6", 3 0, L_000001774009a920;  1 drivers
v0000017740034280_0 .var "acc", 15 0;
v0000017740034320_0 .net "clk", 0 0, v000001774009a100_0;  alias, 1 drivers
v00000177400343c0_0 .var "cs", 0 0;
v0000017740034460_0 .var/i "i", 31 0;
v0000017740034500_0 .var "ir", 15 0;
v00000177400345a0 .array "mem", 4095 0, 15 0;
v00000177401266b0_0 .var "ns", 0 0;
v0000017740126750_0 .net "opcode", 3 0, L_000001774009a6a0;  1 drivers
v000001774009a600_0 .net "operand", 11 0, L_000001774009a240;  1 drivers
v000001774009a4c0_0 .var "overflow", 0 0;
v000001774009af60_0 .var "pc", 11 0;
v000001774009aa60_0 .net "reset", 0 0, v000001774009a880_0;  alias, 1 drivers
v000001774009ace0_0 .net "signed_operand", 15 0, L_000001774009a380;  1 drivers
v000001774009a060_0 .var "underflow", 0 0;
E_0000017740025520 .event anyedge, v00000177400343c0_0;
E_0000017740024e60 .event posedge, v0000017740034320_0;
E_0000017740036140 .event posedge, v000001774009aa60_0, v0000017740034320_0;
L_000001774009a240 .part v0000017740034500_0, 0, 12;
L_000001774009a6a0 .part v0000017740034500_0, 12, 4;
L_000001774009aec0 .part L_000001774009a240, 11, 1;
L_000001774009a920 .concat [ 1 1 1 1], L_000001774009aec0, L_000001774009aec0, L_000001774009aec0, L_000001774009aec0;
L_000001774009a380 .concat [ 12 4 0 0], L_000001774009a240, L_000001774009a920;
S_00000177401267f0 .scope module, "tg" "mu01_tg" 2 151, 2 132 0, S_000001774002dd40;
 .timescale -9 -12;
    .port_info 0 /OUTPUT 1 "clk";
    .port_info 1 /OUTPUT 1 "reset";
v000001774009a100_0 .var "clk", 0 0;
v000001774009a880_0 .var "reset", 0 0;
    .scope S_0000017740048fd0;
T_0 ;
    %pushi/vec4 0, 0, 32;
    %store/vec4 v0000017740034460_0, 0, 32;
T_0.0 ;
    %load/vec4 v0000017740034460_0;
    %cmpi/s 4095, 0, 32;
    %jmp/0xz T_0.1, 5;
    %pushi/vec4 0, 0, 16;
    %ix/getv/s 4, v0000017740034460_0;
    %store/vec4a v00000177400345a0, 4, 0;
    %load/vec4 v0000017740034460_0;
    %addi 1, 0, 32;
    %store/vec4 v0000017740034460_0, 0, 32;
    %jmp T_0.0;
T_0.1 ;
    %pushi/vec4 36863, 0, 16;
    %ix/load 4, 0, 0;
    %flag_set/imm 4, 0;
    %store/vec4a v00000177400345a0, 4, 0;
    %pushi/vec4 40961, 0, 16;
    %ix/load 4, 1, 0;
    %flag_set/imm 4, 0;
    %store/vec4a v00000177400345a0, 4, 0;
    %pushi/vec4 8191, 0, 16;
    %ix/load 4, 2, 0;
    %flag_set/imm 4, 0;
    %store/vec4a v00000177400345a0, 4, 0;
    %pushi/vec4 28672, 0, 16;
    %ix/load 4, 3, 0;
    %flag_set/imm 4, 0;
    %store/vec4a v00000177400345a0, 4, 0;
    %pushi/vec4 32768, 0, 16;
    %ix/load 4, 4, 0;
    %flag_set/imm 4, 0;
    %store/vec4a v00000177400345a0, 4, 0;
    %pushi/vec4 45057, 0, 16;
    %ix/load 4, 5, 0;
    %flag_set/imm 4, 0;
    %store/vec4a v00000177400345a0, 4, 0;
    %pushi/vec4 8191, 0, 16;
    %ix/load 4, 6, 0;
    %flag_set/imm 4, 0;
    %store/vec4a v00000177400345a0, 4, 0;
    %pushi/vec4 28672, 0, 16;
    %ix/load 4, 7, 0;
    %flag_set/imm 4, 0;
    %store/vec4a v00000177400345a0, 4, 0;
    %end;
    .thread T_0;
    .scope S_0000017740048fd0;
T_1 ;
    %wait E_0000017740036140;
    %load/vec4 v000001774009aa60_0;
    %flag_set/vec4 8;
    %jmp/0xz  T_1.0, 8;
    %pushi/vec4 0, 0, 1;
    %assign/vec4 v00000177400343c0_0, 0;
    %pushi/vec4 0, 0, 12;
    %assign/vec4 v000001774009af60_0, 0;
    %pushi/vec4 0, 0, 16;
    %assign/vec4 v0000017740034280_0, 0;
    %pushi/vec4 0, 0, 1;
    %assign/vec4 v000001774009a4c0_0, 0;
    %pushi/vec4 0, 0, 1;
    %assign/vec4 v000001774009a060_0, 0;
    %jmp T_1.1;
T_1.0 ;
    %load/vec4 v00000177401266b0_0;
    %assign/vec4 v00000177400343c0_0, 0;
T_1.1 ;
    %jmp T_1;
    .thread T_1;
    .scope S_0000017740048fd0;
T_2 ;
    %wait E_0000017740024e60;
    %load/vec4 v000001774009aa60_0;
    %nor/r;
    %flag_set/vec4 8;
    %jmp/0xz  T_2.0, 8;
    %load/vec4 v00000177400343c0_0;
    %dup/vec4;
    %pushi/vec4 0, 0, 1;
    %cmp/u;
    %jmp/1 T_2.2, 6;
    %dup/vec4;
    %pushi/vec4 1, 0, 1;
    %cmp/u;
    %jmp/1 T_2.3, 6;
    %jmp T_2.4;
T_2.2 ;
    %load/vec4 v000001774009af60_0;
    %pad/u 14;
    %ix/vec4 4;
    %load/vec4a v00000177400345a0, 4;
    %assign/vec4 v0000017740034500_0, 0;
    %load/vec4 v000001774009af60_0;
    %addi 1, 0, 12;
    %assign/vec4 v000001774009af60_0, 0;
    %jmp T_2.4;
T_2.3 ;
    %load/vec4 v0000017740126750_0;
    %dup/vec4;
    %pushi/vec4 0, 0, 4;
    %cmp/u;
    %jmp/1 T_2.5, 6;
    %dup/vec4;
    %pushi/vec4 8, 0, 4;
    %cmp/u;
    %jmp/1 T_2.6, 6;
    %dup/vec4;
    %pushi/vec4 1, 0, 4;
    %cmp/u;
    %jmp/1 T_2.7, 6;
    %dup/vec4;
    %pushi/vec4 2, 0, 4;
    %cmp/u;
    %jmp/1 T_2.8, 6;
    %dup/vec4;
    %pushi/vec4 10, 0, 4;
    %cmp/u;
    %jmp/1 T_2.9, 6;
    %dup/vec4;
    %pushi/vec4 3, 0, 4;
    %cmp/u;
    %jmp/1 T_2.10, 6;
    %dup/vec4;
    %pushi/vec4 11, 0, 4;
    %cmp/u;
    %jmp/1 T_2.11, 6;
    %dup/vec4;
    %pushi/vec4 4, 0, 4;
    %cmp/u;
    %jmp/1 T_2.12, 6;
    %dup/vec4;
    %pushi/vec4 5, 0, 4;
    %cmp/u;
    %jmp/1 T_2.13, 6;
    %dup/vec4;
    %pushi/vec4 6, 0, 4;
    %cmp/u;
    %jmp/1 T_2.14, 6;
    %dup/vec4;
    %pushi/vec4 7, 0, 4;
    %cmp/u;
    %jmp/1 T_2.15, 6;
    %pushi/vec4 1, 0, 1;
    %assign/vec4 v00000177401266b0_0, 0;
    %jmp T_2.17;
T_2.5 ;
    %load/vec4 v000001774009a600_0;
    %pad/u 14;
    %ix/vec4 4;
    %load/vec4a v00000177400345a0, 4;
    %assign/vec4 v0000017740034280_0, 0;
    %jmp T_2.17;
T_2.6 ;
    %load/vec4 v000001774009a600_0;
    %parti/s 1, 11, 5;
    %replicate 4;
    %load/vec4 v000001774009a600_0;
    %concat/vec4; draw_concat_vec4
    %assign/vec4 v0000017740034280_0, 0;
    %jmp T_2.17;
T_2.7 ;
    %load/vec4 v0000017740034280_0;
    %load/vec4 v000001774009a600_0;
    %pad/u 14;
    %ix/vec4 3;
    %ix/load 4, 0, 0; Constant delay
    %assign/vec4/a/d v00000177400345a0, 0, 4;
    %jmp T_2.17;
T_2.8 ;
    %load/vec4 v0000017740034280_0;
    %pad/u 17;
    %load/vec4 v000001774009a600_0;
    %pad/u 14;
    %ix/vec4 4;
    %load/vec4a v00000177400345a0, 4;
    %pad/u 17;
    %add;
    %split/vec4 16;
    %assign/vec4 v0000017740034280_0, 0;
    %assign/vec4 v000001774009a4c0_0, 0;
    %jmp T_2.17;
T_2.9 ;
    %load/vec4 v0000017740034280_0;
    %pad/u 17;
    %load/vec4 v000001774009ace0_0;
    %pad/u 17;
    %add;
    %split/vec4 16;
    %assign/vec4 v0000017740034280_0, 0;
    %assign/vec4 v000001774009a4c0_0, 0;
    %jmp T_2.17;
T_2.10 ;
    %load/vec4 v0000017740034280_0;
    %pad/u 17;
    %load/vec4 v000001774009a600_0;
    %pad/u 14;
    %ix/vec4 4;
    %load/vec4a v00000177400345a0, 4;
    %pad/u 17;
    %sub;
    %split/vec4 16;
    %assign/vec4 v0000017740034280_0, 0;
    %assign/vec4 v000001774009a060_0, 0;
    %jmp T_2.17;
T_2.11 ;
    %load/vec4 v0000017740034280_0;
    %pad/u 17;
    %load/vec4 v000001774009ace0_0;
    %pad/u 17;
    %sub;
    %split/vec4 16;
    %assign/vec4 v0000017740034280_0, 0;
    %assign/vec4 v000001774009a060_0, 0;
    %jmp T_2.17;
T_2.12 ;
    %load/vec4 v000001774009a600_0;
    %assign/vec4 v000001774009af60_0, 0;
    %jmp T_2.17;
T_2.13 ;
    %load/vec4 v0000017740034280_0;
    %pad/u 32;
    %cmpi/u 0, 0, 32;
    %flag_inv 5; GE is !LT
    %jmp/0xz  T_2.18, 5;
    %load/vec4 v000001774009a600_0;
    %assign/vec4 v000001774009af60_0, 0;
T_2.18 ;
    %jmp T_2.17;
T_2.14 ;
    %load/vec4 v0000017740034280_0;
    %pad/u 32;
    %cmpi/ne 0, 0, 32;
    %jmp/0xz  T_2.20, 4;
    %load/vec4 v000001774009a600_0;
    %assign/vec4 v000001774009af60_0, 0;
T_2.20 ;
    %jmp T_2.17;
T_2.15 ;
    %pushi/vec4 1, 0, 1;
    %assign/vec4 v00000177401266b0_0, 0;
    %jmp T_2.17;
T_2.17 ;
    %pop/vec4 1;
    %jmp T_2.4;
T_2.4 ;
    %pop/vec4 1;
T_2.0 ;
    %jmp T_2;
    .thread T_2;
    .scope S_0000017740048fd0;
T_3 ;
    %wait E_0000017740025520;
    %load/vec4 v00000177400343c0_0;
    %dup/vec4;
    %pushi/vec4 0, 0, 1;
    %cmp/u;
    %jmp/1 T_3.0, 6;
    %dup/vec4;
    %pushi/vec4 1, 0, 1;
    %cmp/u;
    %jmp/1 T_3.1, 6;
    %jmp T_3.2;
T_3.0 ;
    %pushi/vec4 1, 0, 1;
    %store/vec4 v00000177401266b0_0, 0, 1;
    %jmp T_3.2;
T_3.1 ;
    %pushi/vec4 0, 0, 1;
    %store/vec4 v00000177401266b0_0, 0, 1;
    %jmp T_3.2;
T_3.2 ;
    %pop/vec4 1;
    %jmp T_3;
    .thread T_3, $push;
    .scope S_00000177401267f0;
T_4 ;
    %vpi_call 2 135 "$monitor", $time, " ", " ", "cs=%b: operand=%b opcode=%b acc=%b pc=%b mem[FFF]=%h overflow=%b underflow=%b", v00000177400343c0_0, v000001774009a600_0, v0000017740126750_0, v0000017740034280_0, v000001774009af60_0, &A<v00000177400345a0, 4095>, v000001774009a4c0_0, v000001774009a060_0 {0 0 0};
    %pushi/vec4 0, 0, 1;
    %store/vec4 v000001774009a100_0, 0, 1;
    %pushi/vec4 1, 0, 1;
    %store/vec4 v000001774009a880_0, 0, 1;
    %delay 4000, 0;
    %pushi/vec4 0, 0, 1;
    %store/vec4 v000001774009a880_0, 0, 1;
    %delay 30000, 0;
    %vpi_call 2 141 "$finish" {0 0 0};
    %end;
    .thread T_4;
    .scope S_00000177401267f0;
T_5 ;
    %delay 1000, 0;
    %load/vec4 v000001774009a100_0;
    %inv;
    %store/vec4 v000001774009a100_0, 0, 1;
    %jmp T_5;
    .thread T_5;
# The file index is used to find the file name in the following table.
:file_names 3;
    "N/A";
    "<interactive>";
    "examt.v";
