#! /c/Source/iverilog-install/bin/vvp
:ivl_version "12.0 (devel)" "(s20150603-1539-g2693dd32b)";
:ivl_delay_selection "TYPICAL";
:vpi_time_precision + 0;
:vpi_module "C:\iverilog\lib\ivl\system.vpi";
:vpi_module "C:\iverilog\lib\ivl\vhdl_sys.vpi";
:vpi_module "C:\iverilog\lib\ivl\vhdl_textio.vpi";
:vpi_module "C:\iverilog\lib\ivl\v2005_math.vpi";
:vpi_module "C:\iverilog\lib\ivl\va_math.vpi";
S_000001be3ee0a2c0 .scope module, "wb" "wb" 2 29;
 .timescale 0 0;
v000001be3ee66d10_0 .net "a", 0 0, v000001be3ee66700_0;  1 drivers
v000001be3ee66950_0 .net "b", 0 0, v000001be3ee65940_0;  1 drivers
v000001be3ee669f0_0 .net "c", 0 0, v000001be3ee659e0_0;  1 drivers
v000001be3ee678f0_0 .net "d", 0 0, v000001be3ee65b20_0;  1 drivers
v000001be3ee67030_0 .net "e", 0 0, L_000001be3ee68a10;  1 drivers
v000001be3ee67990_0 .net "s1", 0 0, v000001be3ee65d00_0;  1 drivers
v000001be3ee675d0_0 .net "s2", 0 0, v000001be3ee67710_0;  1 drivers
S_000001be3ee19f90 .scope module, "dut" "mux1b4to1" 2 31, 2 1 0, S_000001be3ee0a2c0;
 .timescale 0 0;
    .port_info 0 /INPUT 1 "a";
    .port_info 1 /INPUT 1 "b";
    .port_info 2 /INPUT 1 "c";
    .port_info 3 /INPUT 1 "d";
    .port_info 4 /INPUT 1 "s1";
    .port_info 5 /INPUT 1 "s2";
    .port_info 6 /OUTPUT 1 "e";
L_000001be3ee08dc0 .functor NOT 1, v000001be3ee65d00_0, C4<0>, C4<0>, C4<0>;
L_000001be3ee08c70 .functor NOT 1, v000001be3ee67710_0, C4<0>, C4<0>, C4<0>;
L_000001be3ee087a0 .functor AND 1, L_000001be3ee08dc0, L_000001be3ee08c70, C4<1>, C4<1>;
L_000001be3ee08b90 .functor AND 1, L_000001be3ee087a0, v000001be3ee66700_0, C4<1>, C4<1>;
L_000001be3ee08c00 .functor NOT 1, v000001be3ee65d00_0, C4<0>, C4<0>, C4<0>;
L_000001be3ee08d50 .functor AND 1, L_000001be3ee08c00, v000001be3ee67710_0, C4<1>, C4<1>;
L_000001be3ee08ea0 .functor AND 1, L_000001be3ee08d50, v000001be3ee65940_0, C4<1>, C4<1>;
L_000001be3ee08b20 .functor NOT 1, v000001be3ee67710_0, C4<0>, C4<0>, C4<0>;
L_000001be3ee08810 .functor AND 1, v000001be3ee65d00_0, L_000001be3ee08b20, C4<1>, C4<1>;
L_000001be3ee08880 .functor AND 1, L_000001be3ee08810, v000001be3ee659e0_0, C4<1>, C4<1>;
L_000001be3ee088f0 .functor AND 1, v000001be3ee65d00_0, v000001be3ee67710_0, C4<1>, C4<1>;
L_000001be3ee08960 .functor AND 1, L_000001be3ee088f0, v000001be3ee65b20_0, C4<1>, C4<1>;
L_000001be3ee68c40 .functor OR 1, L_000001be3ee08b90, L_000001be3ee08ea0, C4<0>, C4<0>;
L_000001be3ee69650 .functor OR 1, L_000001be3ee68c40, L_000001be3ee08880, C4<0>, C4<0>;
L_000001be3ee68a10 .functor OR 1, L_000001be3ee69650, L_000001be3ee08960, C4<0>, C4<0>;
v000001be3ee0a450_0 .net *"_ivl_0", 0 0, L_000001be3ee08dc0;  1 drivers
v000001be3ee0a4f0_0 .net *"_ivl_10", 0 0, L_000001be3ee08d50;  1 drivers
v000001be3ee65ee0_0 .net *"_ivl_14", 0 0, L_000001be3ee08b20;  1 drivers
v000001be3ee66660_0 .net *"_ivl_16", 0 0, L_000001be3ee08810;  1 drivers
v000001be3ee66340_0 .net *"_ivl_2", 0 0, L_000001be3ee08c70;  1 drivers
v000001be3ee65e40_0 .net *"_ivl_20", 0 0, L_000001be3ee088f0;  1 drivers
v000001be3ee65bc0_0 .net *"_ivl_24", 0 0, L_000001be3ee68c40;  1 drivers
v000001be3ee65f80_0 .net *"_ivl_26", 0 0, L_000001be3ee69650;  1 drivers
v000001be3ee66020_0 .net *"_ivl_4", 0 0, L_000001be3ee087a0;  1 drivers
v000001be3ee658a0_0 .net *"_ivl_8", 0 0, L_000001be3ee08c00;  1 drivers
v000001be3ee662a0_0 .net "a", 0 0, v000001be3ee66700_0;  alias, 1 drivers
v000001be3ee663e0_0 .net "b", 0 0, v000001be3ee65940_0;  alias, 1 drivers
v000001be3ee66480_0 .net "c", 0 0, v000001be3ee659e0_0;  alias, 1 drivers
v000001be3ee660c0_0 .net "d", 0 0, v000001be3ee65b20_0;  alias, 1 drivers
v000001be3ee667a0_0 .net "e", 0 0, L_000001be3ee68a10;  alias, 1 drivers
v000001be3ee66520_0 .net "p", 0 0, L_000001be3ee08b90;  1 drivers
v000001be3ee65a80_0 .net "q", 0 0, L_000001be3ee08ea0;  1 drivers
v000001be3ee66160_0 .net "r", 0 0, L_000001be3ee08880;  1 drivers
v000001be3ee66200_0 .net "s", 0 0, L_000001be3ee08960;  1 drivers
v000001be3ee65da0_0 .net "s1", 0 0, v000001be3ee65d00_0;  alias, 1 drivers
v000001be3ee665c0_0 .net "s2", 0 0, v000001be3ee67710_0;  alias, 1 drivers
S_000001be3ee1a230 .scope module, "tb" "tb_mux1b4to1" 2 32, 2 14 0, S_000001be3ee0a2c0;
 .timescale 0 0;
    .port_info 0 /OUTPUT 1 "a";
    .port_info 1 /OUTPUT 1 "b";
    .port_info 2 /OUTPUT 1 "c";
    .port_info 3 /OUTPUT 1 "d";
    .port_info 4 /OUTPUT 1 "s1";
    .port_info 5 /OUTPUT 1 "s2";
    .port_info 6 /INPUT 1 "e";
v000001be3ee66700_0 .var "a", 0 0;
v000001be3ee65940_0 .var "b", 0 0;
v000001be3ee659e0_0 .var "c", 0 0;
v000001be3ee65b20_0 .var "d", 0 0;
v000001be3ee65c60_0 .net "e", 0 0, L_000001be3ee68a10;  alias, 1 drivers
v000001be3ee65d00_0 .var "s1", 0 0;
v000001be3ee67710_0 .var "s2", 0 0;
    .scope S_000001be3ee1a230;
T_0 ;
    %vpi_call 2 20 "$monitor", $time, " ", " ", "a=%b b=%b c=%b d=%b s1=%b s2=%b e=%b", v000001be3ee66700_0, v000001be3ee65940_0, v000001be3ee659e0_0, v000001be3ee65b20_0, v000001be3ee65d00_0, v000001be3ee67710_0, v000001be3ee65c60_0 {0 0 0};
    %pushi/vec4 0, 0, 1;
    %store/vec4 v000001be3ee66700_0, 0, 1;
    %pushi/vec4 1, 0, 1;
    %store/vec4 v000001be3ee65940_0, 0, 1;
    %pushi/vec4 0, 0, 1;
    %store/vec4 v000001be3ee659e0_0, 0, 1;
    %pushi/vec4 1, 0, 1;
    %store/vec4 v000001be3ee65b20_0, 0, 1;
    %pushi/vec4 0, 0, 1;
    %store/vec4 v000001be3ee65d00_0, 0, 1;
    %pushi/vec4 0, 0, 1;
    %store/vec4 v000001be3ee67710_0, 0, 1;
    %delay 5, 0;
    %pushi/vec4 0, 0, 1;
    %store/vec4 v000001be3ee65d00_0, 0, 1;
    %pushi/vec4 1, 0, 1;
    %store/vec4 v000001be3ee67710_0, 0, 1;
    %delay 5, 0;
    %pushi/vec4 1, 0, 1;
    %store/vec4 v000001be3ee65d00_0, 0, 1;
    %pushi/vec4 0, 0, 1;
    %store/vec4 v000001be3ee67710_0, 0, 1;
    %delay 5, 0;
    %pushi/vec4 1, 0, 1;
    %store/vec4 v000001be3ee65d00_0, 0, 1;
    %pushi/vec4 1, 0, 1;
    %store/vec4 v000001be3ee67710_0, 0, 1;
    %delay 5, 0;
    %vpi_call 2 25 "$finish" {0 0 0};
    %end;
    .thread T_0;
# The file index is used to find the file name in the following table.
:file_names 3;
    "N/A";
    "<interactive>";
    "mux.v";
