#! /c/Source/iverilog-install/bin/vvp
:ivl_version "12.0 (devel)" "(s20150603-1539-g2693dd32b)";
:ivl_delay_selection "TYPICAL";
:vpi_time_precision + 0;
:vpi_module "C:\iverilog\lib\ivl\system.vpi";
:vpi_module "C:\iverilog\lib\ivl\vhdl_sys.vpi";
:vpi_module "C:\iverilog\lib\ivl\vhdl_textio.vpi";
:vpi_module "C:\iverilog\lib\ivl\v2005_math.vpi";
:vpi_module "C:\iverilog\lib\ivl\va_math.vpi";
S_000001b5c57e6580 .scope module, "wire_module" "wire_module" 2 1;
 .timescale 0 0;
    .port_info 0 /INPUT 1 "in";
    .port_info 1 /OUTPUT 1 "out";
o000001b5c5704638 .functor BUFZ 1, C4<z>; HiZ drive
L_000001b5c57e6be0 .functor BUFZ 1, o000001b5c5704638, C4<0>, C4<0>, C4<0>;
v000001b5c57e6e00_0 .net "in", 0 0, o000001b5c5704638;  0 drivers
v000001b5c57e6710_0 .net "out", 0 0, L_000001b5c57e6be0;  1 drivers
# The file index is used to find the file name in the following table.
:file_names 3;
    "N/A";
    "<interactive>";
    "wire.v";
