#! /c/Source/iverilog-install/bin/vvp
:ivl_version "12.0 (devel)" "(s20150603-1539-g2693dd32b)";
:ivl_delay_selection "TYPICAL";
:vpi_time_precision + 0;
:vpi_module "C:\iverilog\lib\ivl\system.vpi";
:vpi_module "C:\iverilog\lib\ivl\vhdl_sys.vpi";
:vpi_module "C:\iverilog\lib\ivl\vhdl_textio.vpi";
:vpi_module "C:\iverilog\lib\ivl\v2005_math.vpi";
:vpi_module "C:\iverilog\lib\ivl\va_math.vpi";
S_000001b24a4f64a0 .scope module, "xnor_gate" "xnor_gate" 2 1;
 .timescale 0 0;
    .port_info 0 /INPUT 1 "a";
    .port_info 1 /INPUT 1 "b";
    .port_info 2 /OUTPUT 1 "out";
o000001b24a546888 .functor BUFZ 1, C4<z>; HiZ drive
o000001b24a5468b8 .functor BUFZ 1, C4<z>; HiZ drive
L_000001b24a4f6b00 .functor XOR 1, o000001b24a546888, o000001b24a5468b8, C4<0>, C4<0>;
L_000001b24a4f6d40 .functor NOT 1, L_000001b24a4f6b00, C4<0>, C4<0>, C4<0>;
v000001b24a4f6f40_0 .net *"_ivl_0", 0 0, L_000001b24a4f6b00;  1 drivers
v000001b24a4f6630_0 .net "a", 0 0, o000001b24a546888;  0 drivers
v000001b24a4f66d0_0 .net "b", 0 0, o000001b24a5468b8;  0 drivers
v000001b24a4f6770_0 .net "out", 0 0, L_000001b24a4f6d40;  1 drivers
# The file index is used to find the file name in the following table.
:file_names 3;
    "N/A";
    "<interactive>";
    "xnor_gate.v";
