#! /c/Source/iverilog-install/bin/vvp
:ivl_version "12.0 (devel)" "(s20150603-1539-g2693dd32b)";
:ivl_delay_selection "TYPICAL";
:vpi_time_precision - 12;
:vpi_module "C:\iverilog\lib\ivl\system.vpi";
:vpi_module "C:\iverilog\lib\ivl\vhdl_sys.vpi";
:vpi_module "C:\iverilog\lib\ivl\vhdl_textio.vpi";
:vpi_module "C:\iverilog\lib\ivl\v2005_math.vpi";
:vpi_module "C:\iverilog\lib\ivl\va_math.vpi";
:vpi_module "C:\iverilog\lib\ivl\v2009.vpi";
S_00000174558e8960 .scope package, "$unit" "$unit" 2 1;
 .timescale 0 0;
S_00000174558e8af0 .scope module, "mu01_wb" "mu01_wb" 3 147;
 .timescale -9 -12;
v000001745593b470_0 .net "clk", 0 0, v000001745593bb50_0;  1 drivers
v000001745593be70_0 .net "reset", 0 0, v000001745593c0f0_0;  1 drivers
S_00000174558e59e0 .scope module, "t_mu01" "mu01" 3 150, 3 3 0, S_00000174558e8af0;
 .timescale -9 -12;
    .port_info 0 /INPUT 1 "clk";
    .port_info 1 /INPUT 1 "reset";
P_00000174558e5b70 .param/l "ADD" 1 3 15, C4<0010>;
P_00000174558e5ba8 .param/l "ADDI" 1 3 16, C4<1010>;
P_00000174558e5be0 .param/l "EXEC" 1 3 9, C4<1>;
P_00000174558e5c18 .param/l "FETCH" 1 3 8, C4<0>;
P_00000174558e5c50 .param/l "JGE" 1 3 20, C4<0101>;
P_00000174558e5c88 .param/l "JMP" 1 3 19, C4<0100>;
P_00000174558e5cc0 .param/l "JNE" 1 3 21, C4<0110>;
P_00000174558e5cf8 .param/l "LDA" 1 3 12, C4<0000>;
P_00000174558e5d30 .param/l "LDAI" 1 3 13, C4<1000>;
P_00000174558e5d68 .param/l "STO" 1 3 14, C4<0001>;
P_00000174558e5da0 .param/l "STP" 1 3 22, C4<0111>;
P_00000174558e5dd8 .param/l "SUB" 1 3 17, C4<0011>;
P_00000174558e5e10 .param/l "SUBI" 1 3 18, C4<1011>;
v0000017455886670_0 .net *"_ivl_5", 0 0, L_000001745593b970;  1 drivers
v00000174558d1580_0 .net *"_ivl_6", 3 0, L_000001745593c230;  1 drivers
v00000174558d1620_0 .var "acc", 15 0;
v00000174558d16c0_0 .net "clk", 0 0, v000001745593bb50_0;  alias, 1 drivers
v00000174558d1760_0 .var "cs", 0 0;
v00000174558d1800_0 .var/i "i", 31 0;
v000001745593b060_0 .var "ir", 15 0;
v000001745593b100 .array "mem", 4095 0, 15 0;
v000001745593b1a0_0 .var "ns", 0 0;
v000001745593b240_0 .net "opcode", 3 0, L_000001745593bab0;  1 drivers
v000001745593b650_0 .net "operand", 11 0, L_000001745593c190;  1 drivers
v000001745593b6f0_0 .var "overflow", 0 0;
v000001745593b3d0_0 .var "pc", 11 0;
v000001745593bdd0_0 .net "reset", 0 0, v000001745593c0f0_0;  alias, 1 drivers
v000001745593bd30_0 .net "signed_operand", 15 0, L_000001745593b330;  1 drivers
v000001745593bfb0_0 .var "underflow", 0 0;
E_00000174558c9c80 .event anyedge, v00000174558d1760_0;
E_00000174558c9680 .event posedge, v00000174558d16c0_0;
E_00000174558c9d00 .event posedge, v000001745593bdd0_0, v00000174558d16c0_0;
L_000001745593c190 .part v000001745593b060_0, 0, 12;
L_000001745593bab0 .part v000001745593b060_0, 12, 4;
L_000001745593b970 .part L_000001745593c190, 11, 1;
L_000001745593c230 .concat [ 1 1 1 1], L_000001745593b970, L_000001745593b970, L_000001745593b970, L_000001745593b970;
L_000001745593b330 .concat [ 12 4 0 0], L_000001745593c190, L_000001745593c230;
S_000001745593c2f0 .scope module, "tg" "mu01_tg" 3 151, 3 132 0, S_00000174558e8af0;
 .timescale -9 -12;
    .port_info 0 /OUTPUT 1 "clk";
    .port_info 1 /OUTPUT 1 "reset";
v000001745593bb50_0 .var "clk", 0 0;
v000001745593c0f0_0 .var "reset", 0 0;
    .scope S_00000174558e59e0;
T_0 ;
    %pushi/vec4 0, 0, 32;
    %store/vec4 v00000174558d1800_0, 0, 32;
T_0.0 ;
    %load/vec4 v00000174558d1800_0;
    %cmpi/s 4095, 0, 32;
    %jmp/0xz T_0.1, 5;
    %pushi/vec4 0, 0, 16;
    %ix/getv/s 4, v00000174558d1800_0;
    %store/vec4a v000001745593b100, 4, 0;
    %load/vec4 v00000174558d1800_0;
    %addi 1, 0, 32;
    %store/vec4 v00000174558d1800_0, 0, 32;
    %jmp T_0.0;
T_0.1 ;
    %pushi/vec4 36863, 0, 16;
    %ix/load 4, 0, 0;
    %flag_set/imm 4, 0;
    %store/vec4a v000001745593b100, 4, 0;
    %pushi/vec4 40961, 0, 16;
    %ix/load 4, 1, 0;
    %flag_set/imm 4, 0;
    %store/vec4a v000001745593b100, 4, 0;
    %pushi/vec4 8191, 0, 16;
    %ix/load 4, 2, 0;
    %flag_set/imm 4, 0;
    %store/vec4a v000001745593b100, 4, 0;
    %pushi/vec4 28672, 0, 16;
    %ix/load 4, 3, 0;
    %flag_set/imm 4, 0;
    %store/vec4a v000001745593b100, 4, 0;
    %pushi/vec4 32768, 0, 16;
    %ix/load 4, 4, 0;
    %flag_set/imm 4, 0;
    %store/vec4a v000001745593b100, 4, 0;
    %pushi/vec4 45057, 0, 16;
    %ix/load 4, 5, 0;
    %flag_set/imm 4, 0;
    %store/vec4a v000001745593b100, 4, 0;
    %pushi/vec4 8191, 0, 16;
    %ix/load 4, 6, 0;
    %flag_set/imm 4, 0;
    %store/vec4a v000001745593b100, 4, 0;
    %pushi/vec4 28672, 0, 16;
    %ix/load 4, 7, 0;
    %flag_set/imm 4, 0;
    %store/vec4a v000001745593b100, 4, 0;
    %end;
    .thread T_0;
    .scope S_00000174558e59e0;
T_1 ;
    %wait E_00000174558c9d00;
    %load/vec4 v000001745593bdd0_0;
    %flag_set/vec4 8;
    %jmp/0xz  T_1.0, 8;
    %pushi/vec4 0, 0, 1;
    %assign/vec4 v00000174558d1760_0, 0;
    %pushi/vec4 0, 0, 12;
    %assign/vec4 v000001745593b3d0_0, 0;
    %pushi/vec4 0, 0, 16;
    %assign/vec4 v00000174558d1620_0, 0;
    %pushi/vec4 0, 0, 1;
    %assign/vec4 v000001745593b6f0_0, 0;
    %pushi/vec4 0, 0, 1;
    %assign/vec4 v000001745593bfb0_0, 0;
    %jmp T_1.1;
T_1.0 ;
    %load/vec4 v000001745593b1a0_0;
    %assign/vec4 v00000174558d1760_0, 0;
T_1.1 ;
    %jmp T_1;
    .thread T_1;
    .scope S_00000174558e59e0;
T_2 ;
    %wait E_00000174558c9680;
    %load/vec4 v000001745593bdd0_0;
    %nor/r;
    %flag_set/vec4 8;
    %jmp/0xz  T_2.0, 8;
    %load/vec4 v00000174558d1760_0;
    %dup/vec4;
    %pushi/vec4 0, 0, 1;
    %cmp/u;
    %jmp/1 T_2.2, 6;
    %dup/vec4;
    %pushi/vec4 1, 0, 1;
    %cmp/u;
    %jmp/1 T_2.3, 6;
    %jmp T_2.4;
T_2.2 ;
    %load/vec4 v000001745593b3d0_0;
    %pad/u 14;
    %ix/vec4 4;
    %load/vec4a v000001745593b100, 4;
    %assign/vec4 v000001745593b060_0, 0;
    %load/vec4 v000001745593b3d0_0;
    %addi 1, 0, 12;
    %assign/vec4 v000001745593b3d0_0, 0;
    %jmp T_2.4;
T_2.3 ;
    %load/vec4 v000001745593b240_0;
    %dup/vec4;
    %pushi/vec4 0, 0, 4;
    %cmp/u;
    %jmp/1 T_2.5, 6;
    %dup/vec4;
    %pushi/vec4 8, 0, 4;
    %cmp/u;
    %jmp/1 T_2.6, 6;
    %dup/vec4;
    %pushi/vec4 1, 0, 4;
    %cmp/u;
    %jmp/1 T_2.7, 6;
    %dup/vec4;
    %pushi/vec4 2, 0, 4;
    %cmp/u;
    %jmp/1 T_2.8, 6;
    %dup/vec4;
    %pushi/vec4 10, 0, 4;
    %cmp/u;
    %jmp/1 T_2.9, 6;
    %dup/vec4;
    %pushi/vec4 3, 0, 4;
    %cmp/u;
    %jmp/1 T_2.10, 6;
    %dup/vec4;
    %pushi/vec4 11, 0, 4;
    %cmp/u;
    %jmp/1 T_2.11, 6;
    %dup/vec4;
    %pushi/vec4 4, 0, 4;
    %cmp/u;
    %jmp/1 T_2.12, 6;
    %dup/vec4;
    %pushi/vec4 5, 0, 4;
    %cmp/u;
    %jmp/1 T_2.13, 6;
    %dup/vec4;
    %pushi/vec4 6, 0, 4;
    %cmp/u;
    %jmp/1 T_2.14, 6;
    %dup/vec4;
    %pushi/vec4 7, 0, 4;
    %cmp/u;
    %jmp/1 T_2.15, 6;
    %pushi/vec4 1, 0, 1;
    %assign/vec4 v000001745593b1a0_0, 0;
    %jmp T_2.17;
T_2.5 ;
    %load/vec4 v000001745593b650_0;
    %pad/u 14;
    %ix/vec4 4;
    %load/vec4a v000001745593b100, 4;
    %assign/vec4 v00000174558d1620_0, 0;
    %jmp T_2.17;
T_2.6 ;
    %load/vec4 v000001745593b650_0;
    %parti/s 1, 11, 5;
    %replicate 4;
    %load/vec4 v000001745593b650_0;
    %concat/vec4; draw_concat_vec4
    %assign/vec4 v00000174558d1620_0, 0;
    %jmp T_2.17;
T_2.7 ;
    %load/vec4 v00000174558d1620_0;
    %load/vec4 v000001745593b650_0;
    %pad/u 14;
    %ix/vec4 3;
    %ix/load 4, 0, 0; Constant delay
    %assign/vec4/a/d v000001745593b100, 0, 4;
    %jmp T_2.17;
T_2.8 ;
    %load/vec4 v00000174558d1620_0;
    %pad/u 17;
    %load/vec4 v000001745593b650_0;
    %pad/u 14;
    %ix/vec4 4;
    %load/vec4a v000001745593b100, 4;
    %pad/u 17;
    %add;
    %split/vec4 16;
    %assign/vec4 v00000174558d1620_0, 0;
    %assign/vec4 v000001745593b6f0_0, 0;
    %jmp T_2.17;
T_2.9 ;
    %load/vec4 v00000174558d1620_0;
    %pad/u 17;
    %load/vec4 v000001745593bd30_0;
    %pad/u 17;
    %add;
    %split/vec4 16;
    %assign/vec4 v00000174558d1620_0, 0;
    %assign/vec4 v000001745593b6f0_0, 0;
    %jmp T_2.17;
T_2.10 ;
    %load/vec4 v00000174558d1620_0;
    %pad/u 17;
    %load/vec4 v000001745593b650_0;
    %pad/u 14;
    %ix/vec4 4;
    %load/vec4a v000001745593b100, 4;
    %pad/u 17;
    %sub;
    %split/vec4 16;
    %assign/vec4 v00000174558d1620_0, 0;
    %assign/vec4 v000001745593bfb0_0, 0;
    %jmp T_2.17;
T_2.11 ;
    %load/vec4 v00000174558d1620_0;
    %pad/u 17;
    %load/vec4 v000001745593bd30_0;
    %pad/u 17;
    %sub;
    %split/vec4 16;
    %assign/vec4 v00000174558d1620_0, 0;
    %assign/vec4 v000001745593bfb0_0, 0;
    %jmp T_2.17;
T_2.12 ;
    %load/vec4 v000001745593b650_0;
    %assign/vec4 v000001745593b3d0_0, 0;
    %jmp T_2.17;
T_2.13 ;
    %load/vec4 v00000174558d1620_0;
    %pad/u 32;
    %cmpi/u 0, 0, 32;
    %flag_inv 5; GE is !LT
    %jmp/0xz  T_2.18, 5;
    %load/vec4 v000001745593b650_0;
    %assign/vec4 v000001745593b3d0_0, 0;
T_2.18 ;
    %jmp T_2.17;
T_2.14 ;
    %load/vec4 v00000174558d1620_0;
    %pad/u 32;
    %cmpi/ne 0, 0, 32;
    %jmp/0xz  T_2.20, 4;
    %load/vec4 v000001745593b650_0;
    %assign/vec4 v000001745593b3d0_0, 0;
T_2.20 ;
    %jmp T_2.17;
T_2.15 ;
    %pushi/vec4 1, 0, 1;
    %assign/vec4 v000001745593b1a0_0, 0;
    %jmp T_2.17;
T_2.17 ;
    %pop/vec4 1;
    %jmp T_2.4;
T_2.4 ;
    %pop/vec4 1;
T_2.0 ;
    %jmp T_2;
    .thread T_2;
    .scope S_00000174558e59e0;
T_3 ;
    %wait E_00000174558c9c80;
    %load/vec4 v00000174558d1760_0;
    %dup/vec4;
    %pushi/vec4 0, 0, 1;
    %cmp/u;
    %jmp/1 T_3.0, 6;
    %dup/vec4;
    %pushi/vec4 1, 0, 1;
    %cmp/u;
    %jmp/1 T_3.1, 6;
    %jmp T_3.2;
T_3.0 ;
    %pushi/vec4 1, 0, 1;
    %store/vec4 v000001745593b1a0_0, 0, 1;
    %jmp T_3.2;
T_3.1 ;
    %pushi/vec4 0, 0, 1;
    %store/vec4 v000001745593b1a0_0, 0, 1;
    %jmp T_3.2;
T_3.2 ;
    %pop/vec4 1;
    %jmp T_3;
    .thread T_3, $push;
    .scope S_000001745593c2f0;
T_4 ;
    %vpi_call/w 3 135 "$monitor", $time, " ", " ", "cs=%b: operand=%b opcode=%b acc=%b pc=%b mem[FFF]=%h overflow=%b underflow=%b", v00000174558d1760_0, v000001745593b650_0, v000001745593b240_0, v00000174558d1620_0, v000001745593b3d0_0, &A<v000001745593b100, 4095>, v000001745593b6f0_0, v000001745593bfb0_0 {0 0 0};
    %pushi/vec4 0, 0, 1;
    %store/vec4 v000001745593bb50_0, 0, 1;
    %pushi/vec4 1, 0, 1;
    %store/vec4 v000001745593c0f0_0, 0, 1;
    %delay 4000, 0;
    %pushi/vec4 0, 0, 1;
    %store/vec4 v000001745593c0f0_0, 0, 1;
    %delay 30000, 0;
    %vpi_call/w 3 141 "$finish" {0 0 0};
    %end;
    .thread T_4;
    .scope S_000001745593c2f0;
T_5 ;
    %delay 1000, 0;
    %load/vec4 v000001745593bb50_0;
    %inv;
    %store/vec4 v000001745593bb50_0, 0, 1;
    %jmp T_5;
    .thread T_5;
# The file index is used to find the file name in the following table.
:file_names 4;
    "N/A";
    "<interactive>";
    "-";
    "examt.v";
