#! /c/Source/iverilog-install/bin/vvp
:ivl_version "12.0 (devel)" "(s20150603-1539-g2693dd32b)";
:ivl_delay_selection "TYPICAL";
:vpi_time_precision - 12;
:vpi_module "C:\iverilog\lib\ivl\system.vpi";
:vpi_module "C:\iverilog\lib\ivl\vhdl_sys.vpi";
:vpi_module "C:\iverilog\lib\ivl\vhdl_textio.vpi";
:vpi_module "C:\iverilog\lib\ivl\v2005_math.vpi";
:vpi_module "C:\iverilog\lib\ivl\va_math.vpi";
:vpi_module "C:\iverilog\lib\ivl\v2009.vpi";
S_0000025d07deb0c0 .scope package, "$unit" "$unit" 2 1;
 .timescale 0 0;
S_0000025d07deb250 .scope module, "mu01_wb" "mu01_wb" 3 167;
 .timescale -9 -12;
v0000025d07e3cb30_0 .net "clk", 0 0, v0000025d07e3ca90_0;  1 drivers
v0000025d07e3c310_0 .net "reset", 0 0, v0000025d07e3c1d0_0;  1 drivers
S_0000025d07de8950 .scope module, "t_mu01" "mu01" 3 170, 3 5 0, S_0000025d07deb250;
 .timescale -9 -12;
    .port_info 0 /INPUT 1 "clk";
    .port_info 1 /INPUT 1 "reset";
P_0000025d07de8ae0 .param/l "ADD" 1 3 20, C4<0010>;
P_0000025d07de8b18 .param/l "ADDI" 1 3 21, C4<1010>;
P_0000025d07de8b50 .param/l "EXEC" 1 3 12, C4<1>;
P_0000025d07de8b88 .param/l "FETCH" 1 3 11, C4<0>;
P_0000025d07de8bc0 .param/l "JGE" 1 3 25, C4<0101>;
P_0000025d07de8bf8 .param/l "JMP" 1 3 24, C4<0100>;
P_0000025d07de8c30 .param/l "JNE" 1 3 26, C4<0110>;
P_0000025d07de8c68 .param/l "LDA" 1 3 17, C4<0000>;
P_0000025d07de8ca0 .param/l "LDAI" 1 3 18, C4<1000>;
P_0000025d07de8cd8 .param/l "STO" 1 3 19, C4<0001>;
P_0000025d07de8d10 .param/l "STP" 1 3 27, C4<0111>;
P_0000025d07de8d48 .param/l "SUB" 1 3 22, C4<0011>;
P_0000025d07de8d80 .param/l "SUBI" 1 3 23, C4<1011>;
v0000025d07e97500_0 .net *"_ivl_5", 0 0, L_0000025d07e3cbd0;  1 drivers
v0000025d07e972a0_0 .net *"_ivl_6", 3 0, L_0000025d07e3ce50;  1 drivers
v0000025d07dced00_0 .var "acc", 15 0;
v0000025d07dceda0_0 .net "clk", 0 0, v0000025d07e3ca90_0;  alias, 1 drivers
v0000025d07dcee40_0 .var "cs", 0 0;
v0000025d07dceee0_0 .var/i "i", 31 0;
v0000025d07dcef80_0 .var "ir", 15 0;
v0000025d07dd4290 .array "mem", 4095 0, 15 0;
v0000025d07dd4330_0 .var "ns", 0 0;
v0000025d07dd43d0_0 .net "opcode", 3 0, L_0000025d07e3cf90;  1 drivers
v0000025d07dd4470_0 .net "operand", 11 0, L_0000025d07e3c130;  1 drivers
v0000025d07e3cdb0_0 .var "overflow", 0 0;
v0000025d07e3c270_0 .var "pc", 11 0;
v0000025d07e3cef0_0 .net "reset", 0 0, v0000025d07e3c1d0_0;  alias, 1 drivers
v0000025d07e3c630_0 .net "signed_operand", 15 0, L_0000025d07e3c590;  1 drivers
v0000025d07e3cd10_0 .var "underflow", 0 0;
E_0000025d07dca3d0 .event anyedge, v0000025d07dcee40_0;
E_0000025d07dca7d0 .event posedge, v0000025d07e3cef0_0, v0000025d07dceda0_0;
L_0000025d07e3c130 .part v0000025d07dcef80_0, 0, 12;
L_0000025d07e3cf90 .part v0000025d07dcef80_0, 12, 4;
L_0000025d07e3cbd0 .part L_0000025d07e3c130, 11, 1;
L_0000025d07e3ce50 .concat [ 1 1 1 1], L_0000025d07e3cbd0, L_0000025d07e3cbd0, L_0000025d07e3cbd0, L_0000025d07e3cbd0;
L_0000025d07e3c590 .concat [ 12 4 0 0], L_0000025d07e3c130, L_0000025d07e3ce50;
S_0000025d07dd4510 .scope module, "tg" "mu01_tg" 3 171, 3 152 0, S_0000025d07deb250;
 .timescale -9 -12;
    .port_info 0 /OUTPUT 1 "clk";
    .port_info 1 /OUTPUT 1 "reset";
v0000025d07e3ca90_0 .var "clk", 0 0;
v0000025d07e3c1d0_0 .var "reset", 0 0;
    .scope S_0000025d07de8950;
T_0 ;
    %pushi/vec4 0, 0, 32;
    %store/vec4 v0000025d07dceee0_0, 0, 32;
T_0.0 ;
    %load/vec4 v0000025d07dceee0_0;
    %cmpi/s 4095, 0, 32;
    %jmp/0xz T_0.1, 5;
    %pushi/vec4 0, 0, 16;
    %ix/getv/s 4, v0000025d07dceee0_0;
    %store/vec4a v0000025d07dd4290, 4, 0;
    %load/vec4 v0000025d07dceee0_0;
    %addi 1, 0, 32;
    %store/vec4 v0000025d07dceee0_0, 0, 32;
    %jmp T_0.0;
T_0.1 ;
    %pushi/vec4 36863, 0, 16;
    %ix/load 4, 0, 0;
    %flag_set/imm 4, 0;
    %store/vec4a v0000025d07dd4290, 4, 0;
    %pushi/vec4 40961, 0, 16;
    %ix/load 4, 1, 0;
    %flag_set/imm 4, 0;
    %store/vec4a v0000025d07dd4290, 4, 0;
    %pushi/vec4 8191, 0, 16;
    %ix/load 4, 2, 0;
    %flag_set/imm 4, 0;
    %store/vec4a v0000025d07dd4290, 4, 0;
    %pushi/vec4 32768, 0, 16;
    %ix/load 4, 3, 0;
    %flag_set/imm 4, 0;
    %store/vec4a v0000025d07dd4290, 4, 0;
    %pushi/vec4 45057, 0, 16;
    %ix/load 4, 4, 0;
    %flag_set/imm 4, 0;
    %store/vec4a v0000025d07dd4290, 4, 0;
    %pushi/vec4 8191, 0, 16;
    %ix/load 4, 5, 0;
    %flag_set/imm 4, 0;
    %store/vec4a v0000025d07dd4290, 4, 0;
    %pushi/vec4 28672, 0, 16;
    %ix/load 4, 6, 0;
    %flag_set/imm 4, 0;
    %store/vec4a v0000025d07dd4290, 4, 0;
    %end;
    .thread T_0;
    .scope S_0000025d07de8950;
T_1 ;
    %wait E_0000025d07dca7d0;
    %load/vec4 v0000025d07e3cef0_0;
    %flag_set/vec4 8;
    %jmp/0xz  T_1.0, 8;
    %pushi/vec4 0, 0, 1;
    %assign/vec4 v0000025d07dcee40_0, 0;
    %pushi/vec4 0, 0, 12;
    %assign/vec4 v0000025d07e3c270_0, 0;
    %pushi/vec4 0, 0, 16;
    %assign/vec4 v0000025d07dced00_0, 0;
    %pushi/vec4 0, 0, 1;
    %assign/vec4 v0000025d07e3cdb0_0, 0;
    %pushi/vec4 0, 0, 1;
    %assign/vec4 v0000025d07e3cd10_0, 0;
    %jmp T_1.1;
T_1.0 ;
    %load/vec4 v0000025d07dd4330_0;
    %assign/vec4 v0000025d07dcee40_0, 0;
T_1.1 ;
    %jmp T_1;
    .thread T_1;
    .scope S_0000025d07de8950;
T_2 ;
    %wait E_0000025d07dca3d0;
    %load/vec4 v0000025d07dcee40_0;
    %dup/vec4;
    %pushi/vec4 0, 0, 1;
    %cmp/u;
    %jmp/1 T_2.0, 6;
    %dup/vec4;
    %pushi/vec4 1, 0, 1;
    %cmp/u;
    %jmp/1 T_2.1, 6;
    %jmp T_2.2;
T_2.0 ;
    %load/vec4 v0000025d07e3c270_0;
    %pad/u 14;
    %ix/vec4 4;
    %load/vec4a v0000025d07dd4290, 4;
    %assign/vec4 v0000025d07dcef80_0, 0;
    %load/vec4 v0000025d07e3c270_0;
    %addi 1, 0, 12;
    %assign/vec4 v0000025d07e3c270_0, 0;
    %pushi/vec4 1, 0, 1;
    %assign/vec4 v0000025d07dd4330_0, 0;
    %jmp T_2.2;
T_2.1 ;
    %load/vec4 v0000025d07dd43d0_0;
    %dup/vec4;
    %pushi/vec4 0, 0, 4;
    %cmp/u;
    %jmp/1 T_2.3, 6;
    %dup/vec4;
    %pushi/vec4 8, 0, 4;
    %cmp/u;
    %jmp/1 T_2.4, 6;
    %dup/vec4;
    %pushi/vec4 1, 0, 4;
    %cmp/u;
    %jmp/1 T_2.5, 6;
    %dup/vec4;
    %pushi/vec4 2, 0, 4;
    %cmp/u;
    %jmp/1 T_2.6, 6;
    %dup/vec4;
    %pushi/vec4 10, 0, 4;
    %cmp/u;
    %jmp/1 T_2.7, 6;
    %dup/vec4;
    %pushi/vec4 3, 0, 4;
    %cmp/u;
    %jmp/1 T_2.8, 6;
    %dup/vec4;
    %pushi/vec4 11, 0, 4;
    %cmp/u;
    %jmp/1 T_2.9, 6;
    %dup/vec4;
    %pushi/vec4 4, 0, 4;
    %cmp/u;
    %jmp/1 T_2.10, 6;
    %dup/vec4;
    %pushi/vec4 5, 0, 4;
    %cmp/u;
    %jmp/1 T_2.11, 6;
    %dup/vec4;
    %pushi/vec4 6, 0, 4;
    %cmp/u;
    %jmp/1 T_2.12, 6;
    %dup/vec4;
    %pushi/vec4 7, 0, 4;
    %cmp/u;
    %jmp/1 T_2.13, 6;
    %pushi/vec4 1, 0, 1;
    %assign/vec4 v0000025d07dd4330_0, 0;
    %jmp T_2.15;
T_2.3 ;
    %load/vec4 v0000025d07dd4470_0;
    %pad/u 14;
    %ix/vec4 4;
    %load/vec4a v0000025d07dd4290, 4;
    %assign/vec4 v0000025d07dced00_0, 0;
    %pushi/vec4 0, 0, 1;
    %assign/vec4 v0000025d07dd4330_0, 0;
    %jmp T_2.15;
T_2.4 ;
    %load/vec4 v0000025d07dd4470_0;
    %parti/s 1, 11, 5;
    %replicate 4;
    %load/vec4 v0000025d07dd4470_0;
    %concat/vec4; draw_concat_vec4
    %assign/vec4 v0000025d07dced00_0, 0;
    %pushi/vec4 0, 0, 1;
    %assign/vec4 v0000025d07dd4330_0, 0;
    %jmp T_2.15;
T_2.5 ;
    %load/vec4 v0000025d07dced00_0;
    %load/vec4 v0000025d07dd4470_0;
    %pad/u 14;
    %ix/vec4 3;
    %ix/load 4, 0, 0; Constant delay
    %assign/vec4/a/d v0000025d07dd4290, 0, 4;
    %pushi/vec4 0, 0, 1;
    %assign/vec4 v0000025d07dd4330_0, 0;
    %jmp T_2.15;
T_2.6 ;
    %load/vec4 v0000025d07dced00_0;
    %pad/u 17;
    %load/vec4 v0000025d07dd4470_0;
    %pad/u 14;
    %ix/vec4 4;
    %load/vec4a v0000025d07dd4290, 4;
    %pad/u 17;
    %add;
    %split/vec4 16;
    %assign/vec4 v0000025d07dced00_0, 0;
    %assign/vec4 v0000025d07e3cdb0_0, 0;
    %pushi/vec4 0, 0, 1;
    %assign/vec4 v0000025d07e3cd10_0, 0;
    %pushi/vec4 0, 0, 1;
    %assign/vec4 v0000025d07dd4330_0, 0;
    %jmp T_2.15;
T_2.7 ;
    %load/vec4 v0000025d07dced00_0;
    %pad/u 17;
    %load/vec4 v0000025d07e3c630_0;
    %pad/u 17;
    %add;
    %split/vec4 16;
    %assign/vec4 v0000025d07dced00_0, 0;
    %assign/vec4 v0000025d07e3cdb0_0, 0;
    %pushi/vec4 0, 0, 1;
    %assign/vec4 v0000025d07e3cd10_0, 0;
    %pushi/vec4 0, 0, 1;
    %assign/vec4 v0000025d07dd4330_0, 0;
    %jmp T_2.15;
T_2.8 ;
    %load/vec4 v0000025d07dced00_0;
    %pad/u 17;
    %load/vec4 v0000025d07dd4470_0;
    %pad/u 14;
    %ix/vec4 4;
    %load/vec4a v0000025d07dd4290, 4;
    %pad/u 17;
    %sub;
    %split/vec4 16;
    %assign/vec4 v0000025d07dced00_0, 0;
    %assign/vec4 v0000025d07e3cd10_0, 0;
    %pushi/vec4 0, 0, 1;
    %assign/vec4 v0000025d07e3cdb0_0, 0;
    %pushi/vec4 0, 0, 1;
    %assign/vec4 v0000025d07dd4330_0, 0;
    %jmp T_2.15;
T_2.9 ;
    %load/vec4 v0000025d07dced00_0;
    %pad/u 17;
    %load/vec4 v0000025d07e3c630_0;
    %pad/u 17;
    %sub;
    %split/vec4 16;
    %assign/vec4 v0000025d07dced00_0, 0;
    %assign/vec4 v0000025d07e3cd10_0, 0;
    %pushi/vec4 0, 0, 1;
    %assign/vec4 v0000025d07e3cdb0_0, 0;
    %pushi/vec4 0, 0, 1;
    %assign/vec4 v0000025d07dd4330_0, 0;
    %jmp T_2.15;
T_2.10 ;
    %load/vec4 v0000025d07dd4470_0;
    %assign/vec4 v0000025d07e3c270_0, 0;
    %pushi/vec4 0, 0, 1;
    %assign/vec4 v0000025d07dd4330_0, 0;
    %jmp T_2.15;
T_2.11 ;
    %load/vec4 v0000025d07dced00_0;
    %pad/u 32;
    %cmpi/u 0, 0, 32;
    %flag_inv 5; GE is !LT
    %jmp/0xz  T_2.16, 5;
    %load/vec4 v0000025d07dd4470_0;
    %assign/vec4 v0000025d07e3c270_0, 0;
T_2.16 ;
    %pushi/vec4 0, 0, 1;
    %assign/vec4 v0000025d07dd4330_0, 0;
    %jmp T_2.15;
T_2.12 ;
    %load/vec4 v0000025d07dced00_0;
    %pad/u 32;
    %cmpi/ne 0, 0, 32;
    %jmp/0xz  T_2.18, 4;
    %load/vec4 v0000025d07dd4470_0;
    %assign/vec4 v0000025d07e3c270_0, 0;
T_2.18 ;
    %pushi/vec4 0, 0, 1;
    %assign/vec4 v0000025d07dd4330_0, 0;
    %jmp T_2.15;
T_2.13 ;
    %pushi/vec4 1, 0, 1;
    %assign/vec4 v0000025d07dd4330_0, 0;
    %jmp T_2.15;
T_2.15 ;
    %pop/vec4 1;
    %jmp T_2.2;
T_2.2 ;
    %pop/vec4 1;
    %jmp T_2;
    .thread T_2, $push;
    .scope S_0000025d07dd4510;
T_3 ;
    %vpi_call/w 3 155 "$monitor", $time, " ", " ", "cs=%b: operand=%b opcode=%b acc=%b pc=%b mem[FFF]=%h overflow=%b underflow=%b", v0000025d07dcee40_0, v0000025d07dd4470_0, v0000025d07dd43d0_0, v0000025d07dced00_0, v0000025d07e3c270_0, &A<v0000025d07dd4290, 4095>, v0000025d07e3cdb0_0, v0000025d07e3cd10_0 {0 0 0};
    %pushi/vec4 0, 0, 1;
    %store/vec4 v0000025d07e3ca90_0, 0, 1;
    %pushi/vec4 1, 0, 1;
    %store/vec4 v0000025d07e3c1d0_0, 0, 1;
    %delay 4000, 0;
    %pushi/vec4 0, 0, 1;
    %store/vec4 v0000025d07e3c1d0_0, 0, 1;
    %delay 60000, 0;
    %vpi_call/w 3 161 "$finish" {0 0 0};
    %end;
    .thread T_3;
    .scope S_0000025d07dd4510;
T_4 ;
    %delay 1000, 0;
    %load/vec4 v0000025d07e3ca90_0;
    %inv;
    %store/vec4 v0000025d07e3ca90_0, 0, 1;
    %jmp T_4;
    .thread T_4;
# The file index is used to find the file name in the following table.
:file_names 4;
    "N/A";
    "<interactive>";
    "-";
    "simpleProcessor.v";
